<?xml version="1.0" encoding="UTF-8"?>
<!-- Generated by org.testng.reporters.JUnitReportReporter -->
<testsuite hostname="INLM-Deepak.local" failures="0" tests="1" name="Demo_Maven.Flipkart_BrowserNav" time="8.463" errors="0" timestamp="29 Jul 2020 14:54:32 GMT" skipped="0">
  <testcase classname="Demo_Maven.Flipkart_BrowserNav" name="test" time="8.463"/>
</testsuite> <!-- Demo_Maven.Flipkart_BrowserNav -->
