<?xml version="1.0" encoding="UTF-8"?>
<!-- Generated by org.testng.reporters.JUnitReportReporter -->
<testsuite hostname="INLM-Deepak.local" failures="0" tests="1" name="com.Practise.Firstcode.SampleTest2" time="9.170" errors="0" timestamp="27 Jul 2020 17:04:16 GMT" skipped="0">
  <testcase classname="com.Practise.Firstcode.SampleTest2" name="test" time="9.170"/>
</testsuite> <!-- com.Practise.Firstcode.SampleTest2 -->
