<?xml version="1.0" encoding="UTF-8"?>
<!-- Generated by org.testng.reporters.JUnitReportReporter -->
<testsuite hostname="INLM-Deepak.local" failures="0" tests="1" name="com.Practise.Firstcode.SampleTest" time="19.996" errors="0" timestamp="27 Jul 2020 17:04:16 GMT" skipped="0">
  <testcase classname="com.Practise.Firstcode.SampleTest" name="test" time="19.996"/>
</testsuite> <!-- com.Practise.Firstcode.SampleTest -->
