<?xml version="1.0" encoding="UTF-8"?>
<!-- Generated by org.testng.reporters.JUnitReportReporter -->
<testsuite hostname="INLM-Deepak.local" failures="0" tests="1" name="com.Practise.Firstcode.SampleTest" time="39.917" errors="0" timestamp="22 Jul 2020 16:46:42 GMT" skipped="0">
  <testcase classname="com.Practise.Firstcode.SampleTest" name="test" time="39.917"/>
</testsuite> <!-- com.Practise.Firstcode.SampleTest -->
