<?xml version="1.0" encoding="UTF-8"?>
<!-- Generated by org.testng.reporters.JUnitReportReporter -->
<testsuite hostname="INLM-Deepak.local" failures="0" tests="2" name="test.TestNGExtendReport" time="2.161" errors="0" timestamp="27 Jul 2020 16:15:27 GMT" skipped="0">
  <testcase classname="test.TestNGExtendReport" name="test2" time="0.002"/>
  <testcase classname="test.TestNGExtendReport" name="test1" time="2.159"/>
</testsuite> <!-- test.TestNGExtendReport -->
